PRT1
142
414
4 0 5 (1136.595215 2048 1122 ) (1024 2048 1122 ) (1024 2048 -674 ) (1136.595337 2048 -674 ) 
4 0 2 (1024 2048 -674 ) (1024 2048 1122 ) (1024 2266 1122 ) (1024 2266 -674 ) 
4 0 1 (1024 2266 1122 ) (1024 2283.128906 1122 ) (1024 2283.128906 -674 ) (1024 2266 -674 ) 
4 1 15 (0 2266 1122 ) (0 3047.131348 1122 ) (0 3047.131348 -674 ) (0 2266 -674 ) 
4 1 3 (467 2266 44 ) (467 2266 1122 ) (0 2266 1122 ) (0 2266 44 ) 
4 1 4 (0 2266 -674 ) (467 2266 -674 ) (467 2266 -8 ) (0 2266 -8 ) 
4 1 2 (467 2266 -674 ) (1024 2266 -674 ) (1024 2266 1122 ) (467 2266 1122 ) 
4 2 8 (1024 2048 -674 ) (1024 2048 -8 ) (467 2048 -8 ) (467 2048 -674 ) 
4 2 7 (1024 2048 -8 ) (1024 2048 44 ) (467 2048 44 ) (467 2048 -8 ) 
4 2 6 (1024 2048 44 ) (1024 2048 1122 ) (467 2048 1122 ) (467 2048 44 ) 
4 2 3 (467 2266 1122 ) (467 2266 44 ) (467 2048 44 ) (467 2048 1122 ) 
4 2 4 (467 2266 -8 ) (467 2266 -674 ) (467 2048 -674 ) (467 2048 -8 ) 
4 3 16 (0 2048 44 ) (0 2048 1122 ) (0 2266 1122 ) (0 2266 44 ) 
4 3 6 (467 2048 1122 ) (0 2048 1122 ) (0 2048 44 ) (467 2048 44 ) 
4 4 17 (0 2048 -674 ) (0 2048 -8 ) (0 2266 -8 ) (0 2266 -674 ) 
4 4 8 (0 2048 -8 ) (0 2048 -674 ) (467 2048 -674 ) (467 2048 -8 ) 
4 5 9 (1035.557617 1024 1122 ) (1024 1024 1122 ) (1024 1024 -674 ) (1035.557617 1024 -674 ) 
4 5 8 (1024 2048 -8 ) (1024 2048 -674 ) (1024 1024 -674 ) (1024 1024 -8 ) 
4 5 7 (1024 2048 44 ) (1024 2048 -8 ) (1024 1024 -8 ) (1024 1024 44 ) 
4 5 6 (1024 2048 1122 ) (1024 2048 44 ) (1024 1024 44 ) (1024 1024 1122 ) 
4 6 55 (0 1024 44 ) (0 1024 57 ) (0 2048 57 ) (0 2048 44 ) 
4 6 31 (0 1024 57 ) (0 1024 137 ) (0 2048 137 ) (0 2048 57 ) 
4 6 24 (0 1299 1122 ) (0 1707 1122 ) (0 1707 137 ) (0 1299 137 ) 
4 6 23 (0 1707 1122 ) (0 2048 1122 ) (0 2048 137 ) (0 1707 137 ) 
4 6 30 (0 1024 137 ) (0 1024 1122 ) (0 1299 1122 ) (0 1299 137 ) 
4 6 11 (0 1024 1122 ) (0 1024 44 ) (467 1024 44 ) (467 1024 1122 ) 
4 6 10 (467 1024 44 ) (1024 1024 44 ) (1024 1024 1122 ) (467 1024 1122 ) 
4 6 7 (1024 1024 44 ) (467 1024 44 ) (467 2048 44 ) (1024 2048 44 ) 
4 7 10 (467 1024 -8 ) (1024 1024 -8 ) (1024 1024 44 ) (467 1024 44 ) 
4 7 8 (467 2048 -8 ) (1024 2048 -8 ) (1024 1024 -8 ) (467 1024 -8 ) 
4 8 74 (0 1024 -674 ) (0 1024 -8 ) (0 2048 -8 ) (0 2048 -674 ) 
4 8 12 (0 1024 -8 ) (0 1024 -674 ) (467 1024 -674 ) (467 1024 -8 ) 
4 8 10 (467 1024 -674 ) (1024 1024 -674 ) (1024 1024 -8 ) (467 1024 -8 ) 
4 9 10 (1024 1024 1122 ) (1024 1024 -674 ) (1024 999.864929 -674 ) (1024 999.864929 1122 ) 
4 10 13 (467 918 -674 ) (467 402.719788 -674 ) (467 402.719818 1122 ) (467 918 1122 ) 
4 10 11 (467 918 44 ) (467 918 1122 ) (467 1024 1122 ) (467 1024 44 ) 
4 10 12 (467 1024 -674 ) (467 918 -674 ) (467 918 -8 ) (467 1024 -8 ) 
4 11 134 (0 918 1122 ) (0 1024 1122 ) (0 1024 44 ) (0 918 44 ) 
4 11 13 (467 918 44 ) (467 918 1122 ) (0 918 1122 ) (0 918 44 ) 
4 12 135 (0 1024 -8 ) (0 1024 -674 ) (0 918 -674 ) (0 918 -8 ) 
4 12 13 (0 918 -674 ) (467 918 -674 ) (467 918 -8 ) (0 918 -8 ) 
4 13 136 (0 235.547821 1122 ) (0 918 1122 ) (0 918 -674 ) (0 235.547852 -674 ) 
4 14 15 (-69.550476 3072 1122 ) (-936.425354 3072 1122 ) (-936.425354 3072 -674 ) (-69.550476 3072 -674 ) 
4 15 18 (-1024 3040.650879 -674 ) (-1024 2266 -674 ) (-1024 2266 1122 ) (-1024 3040.650879 1122 ) 
4 15 16 (0 2266 44 ) (0 2266 1122 ) (-1024 2266 1122 ) (-1024 2266 44 ) 
4 15 17 (-1024 2266 -674 ) (0 2266 -674 ) (0 2266 -8 ) (-1024 2266 -8 ) 
4 16 75 (-855 2048 1122 ) (-1024 2048 1122 ) (-1024 2048 44 ) (-855 2048 44 ) 
4 16 59 (-851 2048 1122 ) (-855 2048 1122 ) (-855 2048 44 ) (-851 2048 44 ) 
4 16 56 (-587 2048 57 ) (-851 2048 57 ) (-851 2048 44 ) (-587 2048 44 ) 
4 16 55 (0 2048 44 ) (0 2048 57 ) (-587 2048 57 ) (-587 2048 44 ) 
4 16 52 (-595 2048 1122 ) (-851 2048 1122 ) (-851 2048 204.408630 ) (-595 2048 154.409836 ) 
4 16 49 (-851 2048 204.408630 ) (-851 2048 57 ) (-595 2048 57 ) (-595 2048 154.409836 ) 
4 16 42 (-587 2048 137 ) (-595 2048 137 ) (-595 2048 57 ) (-587 2048 57 ) 
4 16 37 (-585 2048 137 ) (-587 2048 137 ) (-587 2048 57 ) (-585 2048 57 ) 
4 16 32 (-583 2048 137 ) (-585 2048 137 ) (-585 2048 57 ) (-583 2048 57 ) 
4 16 31 (0 2048 57 ) (0 2048 137 ) (-583 2048 137 ) (-583 2048 57 ) 
4 16 23 (0 2048 137 ) (0 2048 1122 ) (-595 2048 1122 ) (-595 2048 137 ) 
4 16 19 (-1024 2048 44 ) (-1024 2048 1122 ) (-1024 2266 1122 ) (-1024 2266 44 ) 
4 17 110 (-1024 2048 -249.205002 ) (-1024 2048 -674 ) (-855 2048 -674 ) (-855 2048 -249.205002 ) 
4 17 90 (-855 2048 -8 ) (-1024 2048 -8 ) (-1024 2048 -249.205002 ) (-855 2048 -249.205002 ) 
4 17 74 (0 2048 -674 ) (0 2048 -8 ) (-855 2048 -8 ) (-855 2048 -674 ) 
4 17 20 (-1024 2266 -674 ) (-1024 2048 -674 ) (-1024 2048 -8 ) (-1024 2266 -8 ) 
4 18 21 (-1159 2992.324707 -674 ) (-1159 2266 -674 ) (-1159 2266 1122 ) (-1159 2992.324707 1122 ) 
4 18 19 (-1159 2266 1122 ) (-1159 2266 44 ) (-1024 2266 44 ) (-1024 2266 1122 ) 
4 18 20 (-1159 2266 -8 ) (-1159 2266 -674 ) (-1024 2266 -674 ) (-1024 2266 -8 ) 
4 19 128 (-1028.157227 2048 44 ) (-1026 2048 44 ) (-1026 2048 259 ) (-1028.157227 2048 259 ) 
4 19 127 (-1159 2048 259 ) (-1159 2048 44 ) (-1028.157227 2048 44 ) (-1028.157227 2048 259 ) 
4 19 115 (-1026 2048 1122 ) (-1159 2048 1122 ) (-1159 2048 259 ) (-1026 2048 259 ) 
4 19 112 (-1024 2048 44 ) (-1024 2048 206 ) (-1026 2048 206 ) (-1026 2048 44 ) 
4 19 111 (-1024 2048 206 ) (-1024 2048 1122 ) (-1026 2048 1122 ) (-1026 2048 206 ) 
4 19 21 (-1159 2048 44 ) (-1159 2048 1122 ) (-1159 2266 1122 ) (-1159 2266 44 ) 
4 20 133 (-1024 2048 -674 ) (-1024 2048 -8 ) (-1159 2048 -8 ) (-1159 2048 -674 ) 
4 20 21 (-1159 2266 -674 ) (-1159 2048 -674 ) (-1159 2048 -8 ) (-1159 2266 -8 ) 
4 21 133 (-2048 2048 -8 ) (-2048 2048 -674 ) (-1159 2048 -674 ) (-1159 2048 -8 ) 
4 21 132 (-1159 2048 1122 ) (-2048 2048 1122 ) (-2048 2048 -8 ) (-1159 2048 -8 ) 
4 21 22 (-2048 2048 -674 ) (-2048 2048 1122 ) (-2048 2243.456299 1122 ) (-2048 2243.456299 -674 ) 
4 22 141 (-2048 2048 -674 ) (-2048 2048 1122 ) (-2141.598633 2048 1122 ) (-2141.598633 2048 -674 ) 
4 23 52 (-595 1707 1122 ) (-595 2048 1122 ) (-595 2048 154.409790 ) (-595 1707 154.409836 ) 
4 23 49 (-595 2048 154.409790 ) (-595 2048 137 ) (-595 1707 137 ) (-595 1707 154.409836 ) 
4 23 42 (-595 1707 137 ) (-595 2048 137 ) (-587 2048 137 ) (-587 1707 137 ) 
4 23 37 (-587 2048 137 ) (-585 2048 137 ) (-585 1707 137 ) (-587 1707 137 ) 
4 23 32 (-585 2048 137 ) (-583 2048 137 ) (-583 1707 137 ) (-585 1707 137 ) 
4 23 31 (-583 2048 137 ) (0 2048 137 ) (0 1707 137 ) (-583 1707 137 ) 
4 23 27 (-595 1707 137 ) (-587 1707 137 ) (-587 1707 152.847366 ) (-595 1707 154.409836 ) 
4 23 26 (-587 1707 137 ) (-576.893433 1707 137 ) (-573.563904 1707 150.223206 ) (-587 1707 152.847366 ) 
3 23 25 (-576.893433 1707 137 ) (-484.877441 1707 137 ) (-572.580566 1707 154.128540 ) 
5 23 24 (-484.877441 1707 137 ) (0 1707 137 ) (0 1707 1122 ) (-595 1707 1122 ) (-595 1707 158.507080 ) 
4 24 53 (-595 1299 1122 ) (-595 1707 1122 ) (-595 1707 158.507080 ) (-595 1299 158.507065 ) 
4 24 31 (-484.877441 1707 137 ) (0 1707 137 ) (0 1299 137 ) (-484.877472 1299 137 ) 
4 24 25 (-484.878906 1299 137 ) (-572.580627 1299 154.128250 ) (-572.580505 1707 154.128891 ) (-484.875488 1707 137 ) 
5 24 30 (-484.877441 1299 137 ) (0 1299 137 ) (0 1299 1122 ) (-595 1299 1122 ) (-595 1299 158.507080 ) 
4 25 31 (-576.893433 1707 137 ) (-484.877441 1707 137 ) (-484.877472 1299 137 ) (-576.893433 1299 137 ) 
4 25 26 (-576.893860 1299 137 ) (-573.564331 1299 150.223282 ) (-573.564331 1707 150.223282 ) (-576.893860 1707 137 ) 
3 25 30 (-576.893433 1299 137 ) (-484.877441 1299 137 ) (-572.580566 1299 154.128540 ) 
4 26 38 (-585 1429 137 ) (-585 1329 137 ) (-587 1329 137 ) (-587 1429 137 ) 
4 26 37 (-587 1707 137 ) (-585 1707 137 ) (-585 1429 137 ) (-587 1429 137 ) 
4 26 41 (-585 1329 137 ) (-585 1299 137 ) (-587 1299 137 ) (-587 1329 137 ) 
4 26 33 (-583 1557 137 ) (-583 1457 137 ) (-585 1457 137 ) (-585 1557 137 ) 
4 26 32 (-585 1707 137 ) (-583 1707 137 ) (-583 1557 137 ) (-585 1557 137 ) 
4 26 36 (-583 1457 137 ) (-583 1299 137 ) (-585 1299 137 ) (-585 1457 137 ) 
4 26 31 (-583 1707 137 ) (-576.893433 1707 137 ) (-576.893433 1299 137 ) (-583 1299 137 ) 
4 26 29 (-587 1299 137 ) (-587 1299 152.847366 ) (-587 1307 152.847366 ) (-587 1307 137 ) 
4 26 27 (-587 1699 152.847366 ) (-587 1707 152.847366 ) (-587 1707 137 ) (-587 1699 137 ) 
4 26 30 (-587 1299 137 ) (-576.893433 1299 137 ) (-573.563904 1299 150.223206 ) (-587 1299 152.847366 ) 
4 27 49 (-595 1707 154.409836 ) (-595 1707 137 ) (-595 1699 137 ) (-595 1699 154.409836 ) 
4 27 42 (-595 1699 137 ) (-595 1707 137 ) (-587 1707 137 ) (-587 1699 137 ) 
3 27 28 (-587.781494 1699 153 ) (-595 1699 154.409836 ) (-595 1699 153 ) 
4 28 50 (-595 1313.760010 154.409836 ) (-595 1692.239990 154.409836 ) (-595 1692.239990 153 ) (-595 1313.760010 153 ) 
3 28 29 (-587.781494 1307 153 ) (-595 1307 154.409836 ) (-595 1307 153 ) 
4 29 51 (-595 1307 137 ) (-595 1299 137 ) (-595 1299 154.409836 ) (-595 1307 154.409836 ) 
4 29 44 (-595 1299 137 ) (-595 1307 137 ) (-587 1307 137 ) (-587 1299 137 ) 
4 29 30 (-595 1299 137 ) (-587 1299 137 ) (-587 1299 152.847366 ) (-595 1299 154.409836 ) 
4 30 134 (0 1024 137 ) (0 1024 1122 ) (-595 1024 1122 ) (-595 1024 137 ) 
4 30 54 (-595 1024 154.409836 ) (-595 1024 1122 ) (-595 1299 1122 ) (-595 1299 154.409790 ) 
4 30 51 (-595 1024 137 ) (-595 1024 154.409836 ) (-595 1299 154.409790 ) (-595 1299 137 ) 
4 30 44 (-595 1024 137 ) (-595 1299 137 ) (-587 1299 137 ) (-587 1024 137 ) 
4 30 41 (-587 1299 137 ) (-585 1299 137 ) (-585 1024 137 ) (-587 1024 137 ) 
4 30 36 (-585 1299 137 ) (-583 1299 137 ) (-583 1024 137 ) (-585 1024 137 ) 
4 30 31 (-583 1299 137 ) (0 1299 137 ) (0 1024 137 ) (-583 1024 137 ) 
4 31 134 (0 1024 57 ) (0 1024 137 ) (-583 1024 137 ) (-583 1024 57 ) 
4 31 55 (-583 2048 57 ) (0 2048 57 ) (0 1024 57 ) (-583 1024 57 ) 
4 31 34 (-583 1457 87 ) (-583 1457 123 ) (-583 1557 123 ) (-583 1557 87 ) 
4 31 33 (-583 1457 123 ) (-583 1457 137 ) (-583 1557 137 ) (-583 1557 123 ) 
4 31 35 (-583 1557 57 ) (-583 1457 57 ) (-583 1457 87 ) (-583 1557 87 ) 
4 31 32 (-583 2048 57 ) (-583 1557 57 ) (-583 1557 137 ) (-583 2048 137 ) 
4 31 36 (-583 1457 57 ) (-583 1024 57 ) (-583 1024 137 ) (-583 1457 137 ) 
4 32 55 (-585 2048 57 ) (-583 2048 57 ) (-583 1557 57 ) (-585 1557 57 ) 
4 32 37 (-585 2048 57 ) (-585 1557 57 ) (-585 1557 137 ) (-585 2048 137 ) 
4 32 34 (-585 1557 123 ) (-585 1557 87 ) (-583 1557 87 ) (-583 1557 123 ) 
4 32 33 (-585 1557 137 ) (-585 1557 123 ) (-583 1557 123 ) (-583 1557 137 ) 
4 32 35 (-585 1557 87 ) (-585 1557 57 ) (-583 1557 57 ) (-583 1557 87 ) 
4 33 37 (-585 1457 123 ) (-585 1457 137 ) (-585 1557 137 ) (-585 1557 123 ) 
4 33 36 (-585 1457 137 ) (-585 1457 123 ) (-583 1457 123 ) (-583 1457 137 ) 
4 33 34 (-583 1457 123 ) (-585 1457 123 ) (-585 1557 123 ) (-583 1557 123 ) 
4 34 37 (-585 1457 87 ) (-585 1457 123 ) (-585 1557 123 ) (-585 1557 87 ) 
4 34 35 (-583 1457 87 ) (-585 1457 87 ) (-585 1557 87 ) (-583 1557 87 ) 
4 34 36 (-585 1457 123 ) (-585 1457 87 ) (-583 1457 87 ) (-583 1457 123 ) 
4 35 55 (-583 1557 57 ) (-583 1457 57 ) (-585 1457 57 ) (-585 1557 57 ) 
4 35 37 (-585 1557 57 ) (-585 1457 57 ) (-585 1457 87 ) (-585 1557 87 ) 
4 35 36 (-585 1457 87 ) (-585 1457 57 ) (-583 1457 57 ) (-583 1457 87 ) 
4 36 134 (-583 1024 137 ) (-585 1024 137 ) (-585 1024 57 ) (-583 1024 57 ) 
4 36 55 (-583 1457 57 ) (-583 1024 57 ) (-585 1024 57 ) (-585 1457 57 ) 
4 36 39 (-585 1329 87 ) (-585 1329 123 ) (-585 1429 123 ) (-585 1429 87 ) 
4 36 38 (-585 1329 123 ) (-585 1329 137 ) (-585 1429 137 ) (-585 1429 123 ) 
4 36 40 (-585 1429 57 ) (-585 1329 57 ) (-585 1329 87 ) (-585 1429 87 ) 
4 36 37 (-585 1457 57 ) (-585 1429 57 ) (-585 1429 137 ) (-585 1457 137 ) 
4 36 41 (-585 1329 57 ) (-585 1024 57 ) (-585 1024 137 ) (-585 1329 137 ) 
4 37 55 (-587 2048 57 ) (-585 2048 57 ) (-585 1429 57 ) (-587 1429 57 ) 
4 37 45 (-587 1459 121 ) (-587 1555 121 ) (-587 1555 89 ) (-587 1459 89 ) 
4 37 42 (-587 2048 57 ) (-587 1699 57 ) (-587 1699 137 ) (-587 2048 137 ) 
4 37 43 (-587 1641 57 ) (-587 1603 57 ) (-587 1603 137 ) (-587 1641 137 ) 
4 37 39 (-587 1429 123 ) (-587 1429 87 ) (-585 1429 87 ) (-585 1429 123 ) 
4 37 38 (-587 1429 137 ) (-587 1429 123 ) (-585 1429 123 ) (-585 1429 137 ) 
4 37 40 (-587 1429 87 ) (-587 1429 57 ) (-585 1429 57 ) (-585 1429 87 ) 
4 38 41 (-587 1329 137 ) (-587 1329 123 ) (-585 1329 123 ) (-585 1329 137 ) 
4 38 39 (-585 1329 123 ) (-587 1329 123 ) (-587 1429 123 ) (-585 1429 123 ) 
4 39 46 (-587 1331 121 ) (-587 1427 121 ) (-587 1427 89 ) (-587 1331 89 ) 
4 39 40 (-585 1329 87 ) (-587 1329 87 ) (-587 1429 87 ) (-585 1429 87 ) 
4 39 41 (-587 1329 123 ) (-587 1329 87 ) (-585 1329 87 ) (-585 1329 123 ) 
4 40 55 (-585 1429 57 ) (-585 1329 57 ) (-587 1329 57 ) (-587 1429 57 ) 
4 40 41 (-587 1329 87 ) (-587 1329 57 ) (-585 1329 57 ) (-585 1329 87 ) 
4 41 134 (-585 1024 137 ) (-587 1024 137 ) (-587 1024 57 ) (-585 1024 57 ) 
4 41 55 (-585 1329 57 ) (-585 1024 57 ) (-587 1024 57 ) (-587 1329 57 ) 
4 41 48 (-587 1307 57 ) (-587 1024 57 ) (-587 1024 89 ) (-587 1307 89 ) 
4 41 47 (-587 1024 89 ) (-587 1024 121 ) (-587 1307 121 ) (-587 1307 89 ) 
4 41 44 (-587 1024 121 ) (-587 1024 137 ) (-587 1307 137 ) (-587 1307 121 ) 
4 42 56 (-595 2048 57 ) (-587 2048 57 ) (-587 1699 57 ) (-595 1699 57 ) 
4 42 49 (-595 2048 57 ) (-595 1699 57 ) (-595 1699 137 ) (-595 2048 137 ) 
4 43 50 (-595 1641 57 ) (-595 1603 57 ) (-595 1603 137 ) (-595 1641 137 ) 
4 44 134 (-587 1024 137 ) (-595 1024 137 ) (-595 1024 121 ) (-587 1024 121 ) 
4 44 51 (-595 1024 121 ) (-595 1024 137 ) (-595 1307 137 ) (-595 1307 121 ) 
4 44 47 (-595 1024 121 ) (-595 1307 121 ) (-587 1307 121 ) (-587 1024 121 ) 
4 45 50 (-595 1459 121 ) (-595 1555 121 ) (-595 1555 89 ) (-595 1459 89 ) 
4 46 50 (-595 1331 121 ) (-595 1427 121 ) (-595 1427 89 ) (-595 1331 89 ) 
4 47 134 (-595 1024 121 ) (-595 1024 89 ) (-587 1024 89 ) (-587 1024 121 ) 
4 47 51 (-595 1024 89 ) (-595 1024 121 ) (-595 1307 121 ) (-595 1307 89 ) 
4 47 48 (-595 1024 89 ) (-595 1307 89 ) (-587 1307 89 ) (-587 1024 89 ) 
4 48 134 (-595 1024 89 ) (-595 1024 57 ) (-587 1024 57 ) (-587 1024 89 ) 
4 48 58 (-587 1307 57 ) (-587 1024 57 ) (-595 1024 57 ) (-595 1307 57 ) 
4 48 51 (-595 1307 57 ) (-595 1024 57 ) (-595 1024 89 ) (-595 1307 89 ) 
4 49 61 (-851 1699 204.408661 ) (-851 1707 204.408661 ) (-851 1707 57 ) (-851 1699 57 ) 
4 49 59 (-851 1707 204.408661 ) (-851 2048 204.408691 ) (-851 2048 57 ) (-851 1707 57 ) 
4 49 56 (-851 1699 57 ) (-851 2048 57 ) (-595 2048 57 ) (-595 1699 57 ) 
4 49 52 (-851 2048 204.408554 ) (-851 1707 204.408554 ) (-595 1707 154.409653 ) (-595 2048 154.409653 ) 
4 50 71 (-851 1313.760010 204.408630 ) (-851 1336.939819 204.408630 ) (-851 1337.179932 204 ) (-851 1313.760010 204 ) 
4 50 68 (-851 1336.939819 204.408630 ) (-851 1397.723999 204.408630 ) (-851 1397.802856 204 ) (-851 1337.179932 204 ) 
3 50 67 (-851 1478.977173 204 ) (-851 1479.710083 204 ) (-851 1475.532715 199.271545 ) 
10 50 66 (-851 1522.779907 57 ) (-851 1428.855957 57 ) (-851 1420.661987 102.803024 ) (-851 1426.215454 131.571381 ) (-851 1448.828613 162.613632 ) (-851 1479.717896 179.265579 ) (-851 1492.380737 180.664368 ) (-851 1506.994019 176.976089 ) (-851 1528.001831 156.777222 ) (-851 1537.813354 136.970398 ) 
4 50 63 (-851 1479.274780 204.408630 ) (-851 1524.175171 204.408646 ) (-851 1523.204346 204 ) (-851 1478.977173 204 ) 
4 51 134 (-851 1024 204.408691 ) (-851 1024 57 ) (-595 1024 57 ) (-595 1024 154.409836 ) 
4 51 72 (-851 1295 204.408630 ) (-851 1299 204.408630 ) (-851 1299 165.240845 ) (-851 1295 169.087006 ) 
4 51 71 (-851 1299 204.408630 ) (-851 1307 204.408630 ) (-851 1307 204 ) (-851 1299 204 ) 
4 51 73 (-851 1024 57 ) (-851 1024 204.408615 ) (-851 1295 204.408630 ) (-851 1295 57 ) 
4 51 58 (-851 1024 57 ) (-851 1307 57 ) (-595 1307 57 ) (-595 1024 57 ) 
4 51 54 (-851 1299 204.408569 ) (-851 1024 204.408569 ) (-595 1024 154.409668 ) (-595 1299 154.409668 ) 
4 52 59 (-851 1707 1122 ) (-851 2048 1122 ) (-851 2048 204.408691 ) (-851 1707 204.408661 ) 
4 52 53 (-595 1707 1122 ) (-851 1707 1122 ) (-851 1707 208.504150 ) (-595 1707 158.507065 ) 
4 53 62 (-851 1299 1122 ) (-851 1699 1122 ) (-851 1699 208.504150 ) (-851 1299 208.504166 ) 
4 53 60 (-851 1699 1122 ) (-851 1707 1122 ) (-851 1707 208.504150 ) (-851 1699 208.504150 ) 
4 53 54 (-595 1299 1122 ) (-851 1299 1122 ) (-851 1299 208.504150 ) (-595 1299 158.507065 ) 
4 54 134 (-851 1024 1122 ) (-851 1024 204.408691 ) (-595 1024 154.409836 ) (-595 1024 1122 ) 
4 54 72 (-851 1295 1122 ) (-851 1299 1122 ) (-851 1299 204.408630 ) (-851 1295 204.408630 ) 
4 54 73 (-851 1024 204.408615 ) (-851 1024 1122 ) (-851 1295 1122 ) (-851 1295 204.408630 ) 
4 55 134 (0 1024 44 ) (0 1024 57 ) (-587 1024 57 ) (-587 1024 44 ) 
4 55 57 (-587 1699 44 ) (-587 1307 44 ) (-587 1307 49 ) (-587 1699 49 ) 
4 55 56 (-587 2048 44 ) (-587 1699 44 ) (-587 1699 57 ) (-587 2048 57 ) 
4 55 58 (-587 1307 44 ) (-587 1024 44 ) (-587 1024 57 ) (-587 1307 57 ) 
4 56 61 (-851 1707 44 ) (-851 1699 44 ) (-851 1699 57 ) (-851 1707 57 ) 
4 56 59 (-851 2048 44 ) (-851 1707 44 ) (-851 1707 57 ) (-851 2048 57 ) 
4 56 57 (-587 1699 44 ) (-587 1699 49 ) (-851 1699 49 ) (-851 1699 44 ) 
4 57 70 (-851 1431.166382 44.084023 ) (-851 1428.277100 49 ) (-851 1428.579346 49 ) (-851 1430.998413 45.023155 ) 
5 57 69 (-851 1520.336060 44 ) (-851 1431.215820 44 ) (-851 1431.166382 44.084023 ) (-851 1430.286987 49 ) (-851 1521.275879 49 ) 
4 57 58 (-587 1307 44 ) (-587 1307 49 ) (-851 1307 49 ) (-851 1307 44 ) 
4 58 134 (-587 1024 57 ) (-851 1024 57 ) (-851 1024 44 ) (-587 1024 44 ) 
4 58 73 (-851 1295 44 ) (-851 1024 44 ) (-851 1024 57 ) (-851 1295 57 ) 
4 59 75 (-855 1707 1122 ) (-855 2048 1122 ) (-855 2048 44 ) (-855 1707 44 ) 
4 59 61 (-855 1707 44 ) (-851 1707 44 ) (-851 1707 204.408600 ) (-855 1707 205.189850 ) 
4 59 60 (-851 1707 208.504166 ) (-851 1707 1122 ) (-855 1707 1122 ) (-855 1707 209.285400 ) 
4 60 76 (-855 1699 1122 ) (-855 1707 1122 ) (-855 1707 209.285400 ) (-855 1699 209.285385 ) 
4 60 62 (-851 1699 208.504166 ) (-851 1699 1122 ) (-855 1699 1122 ) (-855 1699 209.285400 ) 
4 62 76 (-855 1299 1122 ) (-855 1699 1122 ) (-855 1699 209.285400 ) (-855 1299 209.285385 ) 
4 62 72 (-851 1299 208.504166 ) (-851 1299 1122 ) (-855 1299 1122 ) (-855 1299 209.285400 ) 
4 63 67 (-855 1478.911621 204 ) (-855 1479.640137 204 ) (-851 1479.709961 204 ) (-851 1478.977051 204 ) 
3 63 65 (-855 1525.427368 205 ) (-855 1525.878296 205.189835 ) (-854.028015 1525.463745 205 ) 
3 63 64 (-854.028015 1479.654297 205 ) (-855 1479.776733 205.189835 ) (-855 1479.638428 205 ) 
10 66 77 (-855 1522.759888 57 ) (-855 1428.877563 57 ) (-855 1421.693726 97.156464 ) (-855 1424.007446 110.628395 ) (-855 1437.992432 134.573807 ) (-855 1459.003662 151.704758 ) (-855 1483.003296 156.841293 ) (-855 1506.980591 151.709488 ) (-855 1528.003418 134.568161 ) (-855 1535.068359 122.475243 ) 
4 68 71 (-851 1337.177734 204 ) (-851 1336.937622 204.408615 ) (-855 1336.538452 205.189835 ) (-855 1337.237793 204 ) 
5 69 82 (-855 1520.316040 44 ) (-855 1431.275879 44 ) (-855 1431.171265 44.178055 ) (-855 1430.308716 49 ) (-855 1521.255981 49 ) 
4 69 70 (-855 1431 45.133694 ) (-855 1431.172119 44.176521 ) (-851 1431.167358 44.082436 ) (-851 1431 45.021557 ) 
4 70 82 (-855 1431.171265 44.178055 ) (-855 1428.337280 49 ) (-855 1428.649170 49 ) (-855 1431 45.134922 ) 
4 71 72 (-851 1299 204 ) (-851 1299 204.408615 ) (-855 1299 205.189835 ) (-855 1299 204 ) 
4 72 86 (-855 1295 1122 ) (-855 1299 1122 ) (-855 1299 206 ) (-855 1295 206 ) 
4 72 73 (-851 1295 169.087006 ) (-851 1295 1122 ) (-855 1295 1122 ) (-855 1295 169.226929 ) 
4 73 134 (-855 1024 1122 ) (-855 1024 44 ) (-851 1024 44 ) (-851 1024 1122 ) 
4 73 87 (-855 1024 44 ) (-855 1024 1122 ) (-855 1295 1122 ) (-855 1295 44 ) 
4 74 135 (0 1024 -674 ) (0 1024 -8 ) (-855 1024 -8 ) (-855 1024 -674 ) 
4 74 110 (-855 1024 -674 ) (-855 1024 -249.205002 ) (-855 2048 -249.205002 ) (-855 2048 -674 ) 
4 74 102 (-855 1024 -249.205002 ) (-855 1024 -8 ) (-855 1146.022949 -8 ) (-855 1146.022949 -249.205002 ) 
4 74 100 (-855 1146.022949 -8 ) (-855 1391.715332 -8 ) (-855 1391.715332 -249.205002 ) (-855 1146.022949 -249.205002 ) 
4 74 97 (-855 1391.715332 -8 ) (-855 1472.284180 -8 ) (-855 1472.284180 -249.205002 ) (-855 1391.715332 -249.205002 ) 
4 74 95 (-855 1472.284180 -8 ) (-855 1499.710327 -8 ) (-855 1499.710327 -249.205002 ) (-855 1472.284180 -249.205002 ) 
4 74 90 (-855 1499.710327 -8 ) (-855 2048 -8 ) (-855 2048 -249.205002 ) (-855 1499.710327 -249.205002 ) 
4 75 112 (-1024 2048 206 ) (-1024 2048 44 ) (-1024 1707 44 ) (-1024 1707 206 ) 
4 75 111 (-1024 2048 1122 ) (-1024 2048 206 ) (-1024 1707 206 ) (-1024 1707 1122 ) 
3 75 81 (-875 1707 209.095917 ) (-875.777100 1707 206 ) (-859.148132 1707 206 ) 
4 75 80 (-874.019043 1707 213 ) (-1024 1707 242.291321 ) (-1024 1707 206 ) (-875.777100 1707 206 ) 
4 75 76 (-855 1707 209.285385 ) (-855 1707 1122 ) (-1024 1707 1122 ) (-1024 1707 242.291321 ) 
4 76 111 (-1024 1299 242.291275 ) (-1024 1299 1122 ) (-1024 1707 1122 ) (-1024 1707 242.291321 ) 
4 76 86 (-855 1299 209.285385 ) (-855 1299 1122 ) (-1024 1299 1122 ) (-1024 1299 242.291321 ) 
4 76 84 (-874.019104 1299 213 ) (-1024 1299 242.290985 ) (-1024 1307 242.291000 ) (-874.019104 1307 213 ) 
4 76 80 (-1024 1396.038940 242.291168 ) (-1024 1707 242.291748 ) (-874.018921 1707 213 ) (-874.019043 1431.828735 213 ) 
4 76 78 (-1024 1307 242.291000 ) (-1024 1396.038940 242.291168 ) (-874.019043 1431.828735 213 ) (-874.019104 1307 213 ) 
11 77 113 (-1024 1458.995361 151.824539 ) (-1024 1482.996338 156.961380 ) (-1024 1506.988892 151.826294 ) (-1024 1527.997314 134.696686 ) (-1024 1541.998291 110.731865 ) (-1024 1547 81.620392 ) (-1024 1542.771729 57 ) (-1024 1423.232178 57 ) (-1024 1419.001587 81.630676 ) (-1024 1423.998657 110.728180 ) (-1024 1438.005493 134.710953 ) 
4 77 83 (-1024 1423.232178 57 ) (-1024 1542.771729 57 ) (-859 1542.791138 57 ) (-859 1423.212402 57 ) 
4 78 111 (-1024 1307 206 ) (-1024 1307 242.291275 ) (-1024 1396.038818 242.291290 ) (-1024 1440.547974 206 ) 
4 78 84 (-874.018738 1307 213 ) (-1024 1307 242.292511 ) (-1024 1307 206 ) (-875.777100 1307 206 ) 
4 78 80 (-1024 1440.546021 206 ) (-1024 1396.036987 242.291229 ) (-874.019043 1431.826660 213 ) (-875.777100 1440.413208 206 ) 
4 78 79 (-875.778381 1440.415039 206 ) (-875 1436.617065 209.096146 ) (-875 1307 209.096130 ) (-875.778259 1307 206 ) 
3 79 85 (-875 1307 209.095901 ) (-875.777100 1307 206 ) (-859.148132 1307 206 ) 
3 79 81 (-859.148132 1440.398315 206 ) (-875.777100 1440.413208 206 ) (-875 1436.615601 209.095917 ) 
4 80 111 (-1024 1396.038818 242.291290 ) (-1024 1707 242.291321 ) (-1024 1707 206 ) (-1024 1440.547974 206 ) 
4 80 81 (-875 1436.621460 209.096085 ) (-875.778015 1440.419312 206 ) (-875.777954 1707 206 ) (-875 1707 209.096069 ) 
4 82 83 (-859 1537.093628 44 ) (-859 1428.907837 44 ) (-859 1425.988037 49 ) (-859 1540.014404 49 ) 
6 83 113 (-1024 1537.029663 44 ) (-1024 1428.962524 44 ) (-1024 1424.007690 52.484909 ) (-1024 1423.232178 57 ) (-1024 1542.771851 57 ) (-1024 1542.001221 52.512939 ) 
8 83 88 (-949 1532 44 ) (-914 1517 44 ) (-899 1482 44 ) (-914 1447 44 ) (-949 1432 44 ) (-984 1447 44 ) (-999 1482 44 ) (-984 1517 44 ) 
4 84 111 (-1024 1299 206 ) (-1024 1299 242.291275 ) (-1024 1307 242.291275 ) (-1024 1307 206 ) 
4 84 86 (-875.777100 1299 206 ) (-874.019043 1299 213 ) (-1024 1299 242.291321 ) (-1024 1299 206 ) 
4 84 85 (-875.778625 1307 206 ) (-875 1307 209.096191 ) (-875 1299 209.096191 ) (-875.778625 1299 206 ) 
3 85 86 (-875 1299 209.095917 ) (-875.777100 1299 206 ) (-859.148132 1299 206 ) 
4 86 111 (-1024 1295 206 ) (-1024 1295 1122 ) (-1024 1299 1122 ) (-1024 1299 206 ) 
4 86 87 (-1024 1295 1122 ) (-1024 1295 206 ) (-855 1295 206 ) (-855 1295 1122 ) 
4 87 134 (-855 1024 44 ) (-855 1024 1122 ) (-1024 1024 1122 ) (-1024 1024 44 ) 
4 87 114 (-1024 1295 44 ) (-1024 1024 44 ) (-1024 1024 206 ) (-1024 1295 206 ) 
4 87 111 (-1024 1024 206 ) (-1024 1024 1122 ) (-1024 1295 1122 ) (-1024 1295 206 ) 
10 88 89 (-945.804138 1530.630371 33 ) (-914 1517 33 ) (-899 1482 33 ) (-914 1447 33 ) (-941.142456 1435.367676 33 ) (-956.861572 1435.369385 33 ) (-984 1447 33 ) (-999 1482 33 ) (-984 1517 33 ) (-952.202759 1530.627563 33 ) 
8 89 91 (-949 1532 -8 ) (-914 1517 -8 ) (-899 1482 -8 ) (-914 1447 -8 ) (-949 1432 -8 ) (-984 1447 -8 ) (-999 1482 -8 ) (-984 1517 -8 ) 
4 90 133 (-1024 2048 -8 ) (-1024 2048 -249.205002 ) (-1024 1572.146118 -249.205002 ) (-1024 1572.146118 -8 ) 
4 90 110 (-1024 2048 -249.205002 ) (-855 2048 -249.205002 ) (-855 1499.710327 -249.205002 ) (-1024 1572.146118 -249.205002 ) 
4 90 107 (-977.002197 1552.002563 -249.205002 ) (-970.240845 1549.104614 -249.205002 ) (-970.240845 1549.104736 -8 ) (-977.002136 1552.002686 -8 ) 
4 90 106 (-1024 1572.146484 -249.205002 ) (-977.002197 1552.002563 -249.205002 ) (-977.002136 1552.002686 -8 ) (-1024 1572.146729 -8 ) 
4 90 105 (-970.240845 1549.104614 -249.205002 ) (-949 1540 -249.205002 ) (-949 1540 -8 ) (-970.240845 1549.104736 -8 ) 
4 90 95 (-885.760498 1512.895264 -249.205002 ) (-855 1499.710938 -249.205002 ) (-855 1499.710938 -8 ) (-885.760498 1512.895264 -8 ) 
4 90 93 (-908.399475 1522.598633 -249.205002 ) (-885.760498 1512.895264 -249.205002 ) (-885.760498 1512.895264 -8 ) (-908.399536 1522.598633 -8 ) 
8 91 110 (-913.997986 1447 -249.205002 ) (-949.001099 1432 -249.205002 ) (-984 1447 -249.205002 ) (-999 1481.998779 -249.205002 ) (-984 1517 -249.205002 ) (-949 1532 -249.205002 ) (-914 1517.001221 -249.205002 ) (-899.001099 1481.997314 -249.205002 ) 
3 92 110 (-888.655334 1506.139893 -249.205002 ) (-895 1491.333740 -249.205002 ) (-904.200745 1512.801636 -249.205002 ) 
4 92 95 (-895 1491.335571 -249.205002 ) (-888.656616 1506.140381 -249.205002 ) (-888.656616 1506.140381 -8 ) (-895 1491.335571 -8 ) 
4 92 93 (-888.657959 1506.140869 -8 ) (-888.657959 1506.140869 -249.205002 ) (-904.200684 1512.801636 -249.205002 ) (-904.200684 1512.801636 -8 ) 
4 93 110 (-908.399231 1522.597900 -249.205002 ) (-885.760681 1512.894775 -249.205002 ) (-888.655334 1506.139893 -249.205002 ) (-904.201965 1512.802124 -249.205002 ) 
4 93 95 (-888.656616 1506.140381 -249.205002 ) (-885.761902 1512.895386 -249.205002 ) (-885.761902 1512.895386 -8 ) (-888.656616 1506.140381 -8 ) 
3 94 110 (-888.658142 1457.860107 -249.205002 ) (-904.202393 1451.198730 -249.205002 ) (-895.002136 1472.665039 -249.205002 ) 
4 94 97 (-904.201538 1451.200562 -249.205002 ) (-888.658691 1457.861328 -249.205002 ) (-888.658691 1457.861328 -8 ) (-904.201538 1451.200562 -8 ) 
4 94 96 (-888.658081 1457.861816 -8 ) (-888.658081 1457.861816 -249.205002 ) (-895.001831 1472.665649 -249.205002 ) (-895.001831 1472.665649 -8 ) 
5 95 110 (-855 1499.710327 -249.205002 ) (-855 1472.284180 -249.205002 ) (-881.896240 1460.757935 -249.205002 ) (-895 1491.333618 -249.205002 ) (-885.760681 1512.894775 -249.205002 ) 
4 95 97 (-881.896790 1460.759033 -249.205002 ) (-855 1472.285522 -249.205002 ) (-855 1472.285522 -8 ) (-881.896790 1460.759033 -8 ) 
4 95 96 (-891 1482 -249.205002 ) (-881.895630 1460.755859 -249.205002 ) (-881.895630 1460.755859 -8 ) (-891 1482 -8 ) 
4 96 110 (-881.896240 1460.757935 -249.205002 ) (-888.658142 1457.860107 -249.205002 ) (-895.002075 1472.664917 -249.205002 ) (-891 1482 -249.205002 ) 
4 96 97 (-888.658691 1457.861328 -249.205002 ) (-881.896790 1460.759033 -249.205002 ) (-881.896790 1460.759033 -8 ) (-888.658691 1457.861328 -8 ) 
4 97 110 (-855 1472.284180 -249.205002 ) (-855 1391.715332 -249.205002 ) (-918.105347 1418.759766 -249.205002 ) (-904.202393 1451.198730 -249.205002 ) 
4 97 100 (-918.105225 1418.760254 -249.205002 ) (-855 1391.715820 -249.205002 ) (-855 1391.714844 -8 ) (-918.105286 1418.759766 -8 ) 
4 97 98 (-908.400818 1441.400635 -249.205002 ) (-918.104126 1418.760620 -249.205002 ) (-918.104126 1418.760620 -8 ) (-908.400818 1441.400635 -8 ) 
3 98 110 (-918.105347 1418.759766 -249.205002 ) (-939.664185 1428 -249.205002 ) (-908.401978 1441.400146 -249.205002 ) 
4 98 100 (-939.663574 1428 -249.205002 ) (-918.105225 1418.760254 -249.205002 ) (-918.105286 1418.759766 -8 ) (-939.663940 1428 -8 ) 
3 99 110 (-973.137756 1421.656738 -249.205002 ) (-979.798889 1437.198242 -249.205002 ) (-958.335083 1428 -249.205002 ) 
4 99 102 (-979.798279 1437.197998 -249.205002 ) (-973.137329 1421.656982 -249.205002 ) (-973.137390 1421.656982 -8 ) (-979.798279 1437.197998 -8 ) 
4 99 101 (-973.139648 1421.657471 -8 ) (-973.139648 1421.657471 -249.205002 ) (-958.336853 1428.001221 -249.205002 ) (-958.336853 1428.001221 -8 ) 
4 100 110 (-855 1391.715332 -249.205002 ) (-855 1146.022949 -249.205002 ) (-970.240417 1414.896729 -249.205002 ) (-939.666687 1428 -249.205002 ) 
4 100 102 (-970.239990 1414.896973 -249.205002 ) (-855 1146.024292 -249.205002 ) (-855 1146.023438 -8 ) (-970.240051 1414.896973 -8 ) 
4 100 101 (-949.001343 1424 -249.205002 ) (-970.239685 1414.898315 -249.205002 ) (-970.239685 1414.898315 -8 ) (-949.001343 1424 -8 ) 
4 101 110 (-970.240417 1414.896729 -249.205002 ) (-973.137756 1421.656738 -249.205002 ) (-958.334961 1428 -249.205002 ) (-949 1424 -249.205002 ) 
4 101 102 (-973.137329 1421.656982 -249.205002 ) (-970.239990 1414.896973 -249.205002 ) (-970.240051 1414.896973 -8 ) (-973.137390 1421.656982 -8 ) 
4 102 135 (-855 1024 -249.205002 ) (-855 1024 -8 ) (-1024 1024 -8 ) (-1024 1024 -249.205002 ) 
4 102 133 (-1024 1423.666748 -249.205002 ) (-1024 1024 -249.205002 ) (-1024 1024 -8 ) (-1024 1423.666748 -8 ) 
6 102 110 (-855 1146.022949 -249.205002 ) (-855 1024 -249.205002 ) (-1024 1024 -249.205002 ) (-1024 1423.666748 -249.205002 ) (-1012.242432 1451.101196 -249.205002 ) (-979.798950 1437.198242 -249.205002 ) 
4 102 108 (-1012.242249 1451.101074 -249.205002 ) (-1024 1423.666260 -249.205002 ) (-1024 1423.666138 -8 ) (-1012.242188 1451.101074 -8 ) 
4 102 103 (-989.601807 1441.398926 -249.205002 ) (-1012.242432 1451.101074 -249.205002 ) (-1012.242432 1451.101074 -8 ) (-989.601807 1441.398926 -8 ) 
3 103 110 (-1012.242432 1451.101196 -249.205002 ) (-1002.997498 1472.672729 -249.205002 ) (-989.601868 1441.399048 -249.205002 ) 
4 103 108 (-1002.997437 1472.672363 -249.205002 ) (-1012.242249 1451.101074 -249.205002 ) (-1012.242188 1451.101074 -8 ) (-1002.997375 1472.672363 -8 ) 
3 104 110 (-979.800293 1526.799438 -249.205002 ) (-973.138245 1542.344116 -249.205002 ) (-958.334839 1536 -249.205002 ) 
4 104 107 (-973.138123 1542.344116 -249.205002 ) (-979.800049 1526.799561 -249.205002 ) (-979.800049 1526.799561 -8 ) (-973.138062 1542.344116 -8 ) 
4 104 105 (-958.334717 1536 -249.205002 ) (-973.139343 1542.344971 -249.205002 ) (-973.139343 1542.344971 -8 ) (-958.334717 1536 -8 ) 
4 105 110 (-973.138245 1542.344116 -249.205002 ) (-970.241089 1549.104248 -249.205002 ) (-949 1540 -249.205002 ) (-958.333435 1536 -249.205002 ) 
4 105 107 (-970.241211 1549.103516 -8 ) (-970.241211 1549.103516 -249.205002 ) (-973.138123 1542.344116 -249.205002 ) (-973.138062 1542.344116 -8 ) 
4 106 133 (-1024 1572.146118 -249.205002 ) (-1024 1540.326172 -249.205002 ) (-1024 1540.326172 -8 ) (-1024 1572.146118 -8 ) 
4 106 110 (-1024 1540.326172 -249.205002 ) (-1024 1572.146118 -249.205002 ) (-977.002380 1552.002197 -249.205002 ) (-1003 1491.329956 -249.205002 ) 
4 106 109 (-1024 1540.327026 -249.205002 ) (-1003 1491.330811 -249.205002 ) (-1003 1491.330811 -8 ) (-1024 1540.327026 -8 ) 
4 106 107 (-989.602539 1522.598267 -249.205002 ) (-977.003479 1552.001343 -249.205002 ) (-977.003479 1552.001343 -8 ) (-989.602539 1522.598267 -8 ) 
4 107 110 (-977.002380 1552.002197 -249.205002 ) (-970.241089 1549.104248 -249.205002 ) (-979.800293 1526.799316 -249.205002 ) (-989.601563 1522.598633 -249.205002 ) 
4 108 133 (-1024 1521.666626 -249.205002 ) (-1024 1423.666748 -249.205002 ) (-1024 1423.666748 -8 ) (-1024 1521.666626 -8 ) 
3 108 110 (-1024 1423.666748 -249.205002 ) (-1024 1521.666626 -249.205002 ) (-1003 1472.666626 -249.205002 ) 
4 108 109 (-1007 1482 -249.205002 ) (-1024 1521.666382 -249.205002 ) (-1024 1521.666382 -8 ) (-1007 1482 -8 ) 
4 109 133 (-1024 1540.326172 -249.205002 ) (-1024 1521.666626 -249.205002 ) (-1024 1521.666626 -8 ) (-1024 1540.326172 -8 ) 
4 109 110 (-1024 1521.666626 -249.205002 ) (-1024 1540.326172 -249.205002 ) (-1003 1491.330078 -249.205002 ) (-1007 1482 -249.205002 ) 
4 110 135 (-855 1024 -674 ) (-855 1024 -249.205002 ) (-1024 1024 -249.205002 ) (-1024 1024 -674 ) 
4 110 133 (-1024 2048 -249.205002 ) (-1024 2048 -674 ) (-1024 1024 -674 ) (-1024 1024 -249.205002 ) 
4 111 137 (-1024 1024 206 ) (-1024 1024 1122 ) (-1026 1024 1122 ) (-1026 1024 206 ) 
4 111 131 (-1026 1185.666626 206 ) (-1026 1024 206 ) (-1026 1024 259 ) (-1026 1185.666626 259 ) 
4 111 129 (-1026 1686 206 ) (-1026 1565 206 ) (-1026 1565 259 ) (-1026 1686 259 ) 
4 111 128 (-1026 2048 259 ) (-1026 2048 206 ) (-1026 1686 206 ) (-1026 1686 259 ) 
4 111 126 (-1026 1399 206 ) (-1026 1304.857056 206 ) (-1026 1304.857056 259 ) (-1026 1399 259 ) 
4 111 125 (-1026 1304.857056 206 ) (-1026 1185.666626 206 ) (-1026 1185.666626 259 ) (-1026 1304.857056 259 ) 
4 111 123 (-1026 1465 206 ) (-1026 1399 206 ) (-1026 1399 259 ) (-1026 1465 259 ) 
4 111 119 (-1026 1545 206 ) (-1026 1465 206 ) (-1026 1465 259 ) (-1026 1545 259 ) 
4 111 116 (-1026 1565 206 ) (-1026 1545 206 ) (-1026 1545 259 ) (-1026 1565 259 ) 
4 111 115 (-1026 2048 1122 ) (-1026 2048 259 ) (-1026 1024 259 ) (-1026 1024 1122 ) 
4 111 112 (-1026 1707 206 ) (-1026 2048 206 ) (-1024 2048 206 ) (-1024 1707 206 ) 
4 111 114 (-1024 1024 206 ) (-1026 1024 206 ) (-1026 1295 206 ) (-1024 1295 206 ) 
4 112 128 (-1026 2048 206 ) (-1026 2048 44 ) (-1026 1707 44 ) (-1026 1707 206 ) 
8 113 123 (-1026 1465 44 ) (-1026 1428.975342 44 ) (-1026 1424.003052 52.513458 ) (-1026 1419.001587 81.632240 ) (-1026 1423.998779 110.729851 ) (-1026 1438.005371 134.712372 ) (-1026 1458.995239 151.825958 ) (-1026 1465 153.111160 ) 
10 113 119 (-1026 1537.025024 44 ) (-1026 1465 44 ) (-1026 1465 153.111160 ) (-1026 1482.996216 156.962799 ) (-1026 1506.989014 151.827667 ) (-1026 1527.996826 134.698578 ) (-1026 1541.998413 110.732613 ) (-1026 1545 93.261017 ) (-1026 1545 69.977287 ) (-1026 1542.002441 52.521484 ) 
3 113 116 (-1026 1545 93.261017 ) (-1026 1547 81.621704 ) (-1026 1545 69.977287 ) 
4 114 137 (-1024 1024 44 ) (-1024 1024 206 ) (-1026 1024 206 ) (-1026 1024 44 ) 
4 114 131 (-1026 1185.666748 44 ) (-1026 1024 44 ) (-1026 1024 206 ) (-1026 1185.666626 206 ) 
4 114 125 (-1026 1295 44 ) (-1026 1185.666748 44 ) (-1026 1185.666626 206 ) (-1026 1295 206 ) 
4 115 137 (-1159 1024 1122 ) (-1159 1024 259 ) (-1026 1024 259 ) (-1026 1024 1122 ) 
4 115 132 (-1159 1024 259 ) (-1159 1024 1122 ) (-1159 2048 1122 ) (-1159 2048 259 ) 
3 115 131 (-1026 1185.666626 259 ) (-1026 1024 259 ) (-1095.285767 1024 259 ) 
3 115 130 (-1028.696899 1566.155884 259 ) (-1030.628540 1566.983765 259 ) (-1031 1578 259 ) 
4 115 129 (-1026 1686 259 ) (-1026 1565 259 ) (-1028.696899 1566.155884 259 ) (-1038 1614 259 ) 
4 115 128 (-1028.157227 2048 259 ) (-1026 2048 259 ) (-1026 1686 259 ) (-1044 1578.001831 259 ) 
4 115 127 (-1159 1622 259 ) (-1159 2048 259 ) (-1028.157227 2048 259 ) (-1044.175537 1572.789551 259 ) 
4 115 126 (-1031.547852 1396.622314 259 ) (-1026 1399 259 ) (-1026 1304.857056 259 ) (-1037 1363 259 ) 
6 115 125 (-1159 1024 259 ) (-1159 1342 259 ) (-1042.474976 1391.939331 259 ) (-1026 1304.857056 259 ) (-1026 1185.666626 259 ) (-1095.285767 1024 259 ) 
3 115 124 (-1031 1400 259 ) (-1031.107422 1396.811157 259 ) (-1031.547729 1396.622437 259 ) 
4 115 123 (-1028.768799 1466.186646 259 ) (-1026 1465 259 ) (-1026 1399 259 ) (-1031.107422 1396.811157 259 ) 
3 115 122 (-1058.970581 1479.130249 259 ) (-1046.486938 1473.780151 259 ) (-1044 1400 259 ) 
4 115 121 (-1159 1342 259 ) (-1159 1522 259 ) (-1058.970581 1479.130249 259 ) (-1042.474976 1391.939331 259 ) 
3 115 120 (-1030.219482 1554.845459 259 ) (-1026.104004 1545.242920 259 ) (-1028 1488.998291 259 ) 
4 115 119 (-1026.104004 1545.242920 259 ) (-1026 1545 259 ) (-1026 1465 259 ) (-1028.768799 1466.186646 259 ) 
3 115 118 (-1049.907104 1575.245850 259 ) (-1044.175537 1572.789551 259 ) (-1047 1489 259 ) 
4 115 117 (-1159 1522 259 ) (-1159 1622 259 ) (-1049.907104 1575.245850 259 ) (-1046.486938 1473.780151 259 ) 
4 115 116 (-1030.628540 1566.983643 259 ) (-1026 1565 259 ) (-1026 1545 259 ) (-1030.219360 1554.845337 259 ) 
4 116 130 (-1030.628540 1566.983276 259 ) (-1028.696899 1566.155396 259 ) (-1028.696899 1566.155396 44 ) (-1030.628540 1566.983276 44 ) 
4 116 129 (-1028.696899 1566.155396 259 ) (-1026 1565 259 ) (-1026 1565 44 ) (-1028.696899 1566.155396 44 ) 
4 116 120 (-1030.219360 1554.842407 44 ) (-1026.104126 1545.240356 44 ) (-1026.104126 1545.240356 259 ) (-1030.219360 1554.842407 259 ) 
4 116 119 (-1026.104126 1545.240356 44 ) (-1026 1544.997314 44 ) (-1026 1544.997314 259 ) (-1026.104126 1545.240356 259 ) 
4 117 132 (-1159 1522 44 ) (-1159 1522 259 ) (-1159 1622 259 ) (-1159 1622 44 ) 
4 117 127 (-1159 1622 44 ) (-1159 1622 259 ) (-1049.907104 1575.245605 259 ) (-1049.907104 1575.245605 44 ) 
4 117 122 (-1046.486816 1473.778198 259 ) (-1058.970337 1479.128296 259 ) (-1058.970337 1479.128296 44 ) (-1046.486816 1473.778198 44 ) 
4 117 121 (-1058.970337 1479.128296 259 ) (-1159 1521.998169 259 ) (-1159 1521.998169 44 ) (-1058.970337 1479.128296 44 ) 
4 117 118 (-1047 1489.003052 44 ) (-1049.906982 1575.245850 44 ) (-1049.906982 1575.245850 259 ) (-1047 1489.003052 259 ) 
4 118 127 (-1049.907104 1575.245605 259 ) (-1044.175537 1572.789185 259 ) (-1044.175537 1572.789185 44 ) (-1049.907104 1575.245605 44 ) 
4 119 123 (-1026 1464.998169 44 ) (-1026 1464.998169 259 ) (-1028.768921 1466.184814 259 ) (-1028.768921 1466.184814 44 ) 
4 119 120 (-1026.104126 1545.246094 259 ) (-1026.104126 1545.246094 44 ) (-1028 1489.001099 44 ) (-1028 1489.001099 259 ) 
4 121 132 (-1159 1342 44 ) (-1159 1342 259 ) (-1159 1522 259 ) (-1159 1522 44 ) 
4 121 125 (-1042.475098 1391.939575 259 ) (-1159 1342 259 ) (-1159 1342 44 ) (-1042.475098 1391.939575 44 ) 
4 121 122 (-1044 1400.001221 44 ) (-1058.970337 1479.129395 44 ) (-1058.970337 1479.129395 259 ) (-1044 1400.001221 259 ) 
4 123 126 (-1026 1399 44 ) (-1026 1399 259 ) (-1031.107422 1396.811523 259 ) (-1031.107422 1396.811523 44 ) 
4 123 124 (-1031 1400.002197 44 ) (-1031.107178 1396.811768 44 ) (-1031.107178 1396.811768 259 ) (-1031 1400.002197 259 ) 
4 124 126 (-1031.107422 1396.811523 259 ) (-1031.547729 1396.622803 259 ) (-1031.547729 1396.622803 44 ) (-1031.107422 1396.811523 44 ) 
4 125 137 (-1159 1024 259 ) (-1159 1024 44 ) (-1095.285767 1024 44 ) (-1095.285767 1024 259 ) 
4 125 132 (-1159 1024 44 ) (-1159 1024 259 ) (-1159 1342 259 ) (-1159 1342 44 ) 
4 125 131 (-1026 1185.664063 44 ) (-1026 1185.664063 259 ) (-1095.284912 1024 259 ) (-1095.284912 1024 44 ) 
4 125 126 (-1037 1363 259 ) (-1026 1304.857178 259 ) (-1026 1304.857178 44 ) (-1037 1363 44 ) 
4 127 132 (-1159 1622 44 ) (-1159 1622 259 ) (-1159 2048 259 ) (-1159 2048 44 ) 
4 127 128 (-1044 1578 44 ) (-1028.157349 2048 44 ) (-1028.157349 2048 259 ) (-1044 1578 259 ) 
4 128 129 (-1038 1614.001587 44 ) (-1026 1686.003906 44 ) (-1026 1686.003906 259 ) (-1038 1614.001587 259 ) 
4 129 130 (-1031 1578 44 ) (-1028.696899 1566.155762 44 ) (-1028.696899 1566.155762 259 ) (-1031 1578 259 ) 
4 131 137 (-1026 1024 44 ) (-1026 1024 259 ) (-1095.285767 1024 259 ) (-1095.285767 1024 44 ) 
4 132 141 (-2048 2048 1122 ) (-2048 2048 -8 ) (-2048 1039.542969 -8 ) (-2048 1039.542847 1122 ) 
4 132 139 (-2040.557007 1024 -8 ) (-1159 1024 -8 ) (-1159 1024 1122 ) (-2040.556885 1024 1122 ) 
5 132 133 (-2048 2048 -8 ) (-1159 2048 -8 ) (-1159 1024 -8 ) (-2040.556885 1024 -8 ) (-2048 1039.542847 -8 ) 
4 133 141 (-2048 2048 -8 ) (-2048 2048 -674 ) (-2048 1039.542969 -674 ) (-2048 1039.542847 -8 ) 
4 133 139 (-1159 1024 -8 ) (-2040.557007 1024 -8 ) (-2040.557007 1024 -674 ) (-1159 1024 -674 ) 
4 133 138 (-1024 1024 -674 ) (-1024 1024 -8 ) (-1159 1024 -8 ) (-1159 1024 -674 ) 
4 134 137 (-1024 918 1122 ) (-1024 1024 1122 ) (-1024 1024 44 ) (-1024 918 44 ) 
4 134 136 (0 918 44 ) (0 918 1122 ) (-1024 918 1122 ) (-1024 918 44 ) 
4 135 138 (-1024 1024 -8 ) (-1024 1024 -674 ) (-1024 918 -674 ) (-1024 918 -8 ) 
4 135 136 (-1024 918 -674 ) (0 918 -674 ) (0 918 -8 ) (-1024 918 -8 ) 
4 136 140 (-1024 242.665146 1122 ) (-1024 918 1122 ) (-1024 918 -674 ) (-1024 242.665161 -674 ) 
4 137 140 (-1024 918 44 ) (-1024 918 1122 ) (-1159 918 1122 ) (-1159 918 44 ) 
4 137 139 (-1159 918 44 ) (-1159 918 1122 ) (-1159 1024 1122 ) (-1159 1024 44 ) 
4 138 140 (-1159 918 -674 ) (-1024 918 -674 ) (-1024 918 -8 ) (-1159 918 -8 ) 
4 138 139 (-1159 1024 -674 ) (-1159 918 -674 ) (-1159 918 -8 ) (-1159 1024 -8 ) 
4 139 140 (-1989.796875 918 -674 ) (-1159 918 -674 ) (-1159 918 1122 ) (-1989.796875 918 1122 ) 
